  Metods.cpp
D:\Programming\CPP\EncryptorTrue\Metods.cpp(83,18): warning C4244: инициализация: преобразование "WORD" в "char", возможна потеря данных
D:\Programming\CPP\EncryptorTrue\Metods.cpp(141,20): warning C4267: инициализация: преобразование из "size_t" в "char"; возможна потеря данных
D:\Programming\CPP\EncryptorTrue\Metods.cpp(156,20): warning C4267: инициализация: преобразование из "size_t" в "char"; возможна потеря данных
D:\Programming\CPP\EncryptorTrue\Metods.cpp(177,20): warning C4267: инициализация: преобразование из "size_t" в "char"; возможна потеря данных
D:\Programming\CPP\EncryptorTrue\Metods.cpp(192,20): warning C4267: инициализация: преобразование из "size_t" в "char"; возможна потеря данных
D:\Programming\CPP\EncryptorTrue\Metods.cpp(212,20): warning C4267: инициализация: преобразование из "size_t" в "char"; возможна потеря данных
D:\Programming\CPP\EncryptorTrue\Metods.cpp(227,20): warning C4267: инициализация: преобразование из "size_t" в "char"; возможна потеря данных
D:\Programming\CPP\EncryptorTrue\Metods.cpp(274,24): warning C4267: инициализация: преобразование из "size_t" в "char"; возможна потеря данных
D:\Programming\CPP\EncryptorTrue\Metods.cpp(291,24): warning C4267: инициализация: преобразование из "size_t" в "char"; возможна потеря данных
D:\Programming\CPP\EncryptorTrue\Metods.cpp(308,24): warning C4267: инициализация: преобразование из "size_t" в "char"; возможна потеря данных
D:\Programming\CPP\EncryptorTrue\Metods.cpp(325,24): warning C4267: инициализация: преобразование из "size_t" в "char"; возможна потеря данных
D:\Programming\CPP\EncryptorTrue\Metods.cpp(342,24): warning C4267: инициализация: преобразование из "size_t" в "char"; возможна потеря данных
D:\Programming\CPP\EncryptorTrue\Metods.cpp(359,24): warning C4267: инициализация: преобразование из "size_t" в "char"; возможна потеря данных
D:\Programming\CPP\EncryptorTrue\Metods.cpp(376,24): warning C4267: инициализация: преобразование из "size_t" в "char"; возможна потеря данных
D:\Programming\CPP\EncryptorTrue\Metods.cpp(393,24): warning C4267: инициализация: преобразование из "size_t" в "char"; возможна потеря данных
D:\Programming\CPP\EncryptorTrue\Metods.cpp(410,24): warning C4267: инициализация: преобразование из "size_t" в "char"; возможна потеря данных
D:\Programming\CPP\EncryptorTrue\Metods.cpp(426,24): warning C4267: инициализация: преобразование из "size_t" в "char"; возможна потеря данных
D:\Programming\CPP\EncryptorTrue\Metods.cpp(442,24): warning C4267: инициализация: преобразование из "size_t" в "char"; возможна потеря данных
D:\Programming\CPP\EncryptorTrue\Metods.cpp(458,24): warning C4267: инициализация: преобразование из "size_t" в "char"; возможна потеря данных
D:\Programming\CPP\EncryptorTrue\Metods.cpp(474,24): warning C4267: инициализация: преобразование из "size_t" в "char"; возможна потеря данных
D:\Programming\CPP\EncryptorTrue\Metods.cpp(490,24): warning C4267: инициализация: преобразование из "size_t" в "char"; возможна потеря данных
D:\Programming\CPP\EncryptorTrue\Metods.cpp(506,24): warning C4267: инициализация: преобразование из "size_t" в "char"; возможна потеря данных
D:\Programming\CPP\EncryptorTrue\Metods.cpp(522,24): warning C4267: инициализация: преобразование из "size_t" в "char"; возможна потеря данных
D:\Programming\CPP\EncryptorTrue\Metods.cpp(538,24): warning C4267: инициализация: преобразование из "size_t" в "char"; возможна потеря данных
D:\Programming\CPP\EncryptorTrue\Metods.cpp(554,24): warning C4267: инициализация: преобразование из "size_t" в "char"; возможна потеря данных
D:\Programming\CPP\EncryptorTrue\Metods.cpp(570,24): warning C4267: инициализация: преобразование из "size_t" в "char"; возможна потеря данных
D:\Programming\CPP\EncryptorTrue\Metods.cpp(586,24): warning C4267: инициализация: преобразование из "size_t" в "char"; возможна потеря данных
D:\Programming\CPP\EncryptorTrue\Metods.cpp(602,24): warning C4267: инициализация: преобразование из "size_t" в "char"; возможна потеря данных
D:\Programming\CPP\EncryptorTrue\Metods.cpp(618,24): warning C4267: инициализация: преобразование из "size_t" в "char"; возможна потеря данных
D:\Programming\CPP\EncryptorTrue\Metods.cpp(634,24): warning C4267: инициализация: преобразование из "size_t" в "char"; возможна потеря данных
D:\Programming\CPP\EncryptorTrue\Metods.cpp(650,24): warning C4267: инициализация: преобразование из "size_t" в "char"; возможна потеря данных
D:\Programming\CPP\EncryptorTrue\Metods.cpp(666,24): warning C4267: инициализация: преобразование из "size_t" в "char"; возможна потеря данных
D:\Programming\CPP\EncryptorTrue\Metods.cpp(682,24): warning C4267: инициализация: преобразование из "size_t" в "char"; возможна потеря данных
D:\Programming\CPP\EncryptorTrue\Metods.cpp(698,24): warning C4267: инициализация: преобразование из "size_t" в "char"; возможна потеря данных
D:\Programming\CPP\EncryptorTrue\Metods.cpp(714,24): warning C4267: инициализация: преобразование из "size_t" в "char"; возможна потеря данных
D:\Programming\CPP\EncryptorTrue\Metods.cpp(730,24): warning C4267: инициализация: преобразование из "size_t" в "char"; возможна потеря данных
D:\Programming\CPP\EncryptorTrue\Metods.cpp(747,24): warning C4267: инициализация: преобразование из "size_t" в "char"; возможна потеря данных
D:\Programming\CPP\EncryptorTrue\Metods.cpp(764,24): warning C4267: инициализация: преобразование из "size_t" в "char"; возможна потеря данных
D:\Programming\CPP\EncryptorTrue\Metods.cpp(788,20): warning C4267: инициализация: преобразование из "size_t" в "char"; возможна потеря данных
D:\Programming\CPP\EncryptorTrue\Metods.cpp(805,30): warning C4267: инициализация: преобразование из "size_t" в "unsigned char"; возможна потеря данных
D:\Programming\CPP\EncryptorTrue\Metods.cpp(806,36): warning C4267: инициализация: преобразование из "size_t" в "unsigned char"; возможна потеря данных
D:\Programming\CPP\EncryptorTrue\Metods.cpp(874,20): warning C4267: инициализация: преобразование из "size_t" в "char"; возможна потеря данных
D:\Programming\CPP\EncryptorTrue\Metods.cpp(894,20): warning C4267: инициализация: преобразование из "size_t" в "char"; возможна потеря данных
D:\Programming\CPP\EncryptorTrue\Metods.cpp(896,17): warning C4267: инициализация: преобразование из "size_t" в "short"; возможна потеря данных
D:\Programming\CPP\EncryptorTrue\Metods.cpp(922,20): warning C4267: инициализация: преобразование из "size_t" в "char"; возможна потеря данных
D:\Programming\CPP\EncryptorTrue\Metods.cpp(923,26): warning C4267: инициализация: преобразование из "size_t" в "char"; возможна потеря данных
D:\Programming\CPP\EncryptorTrue\Metods.cpp(941,126): warning C4267: =: преобразование из "size_t" в "char"; возможна потеря данных
D:\Programming\CPP\EncryptorTrue\Metods.cpp(972,20): warning C4267: инициализация: преобразование из "size_t" в "char"; возможна потеря данных
  Source.cpp
  Создание кода
  2 of 43 functions ( 4.7%) were compiled, the rest were copied from previous compilation.
    1 functions were new in current compilation
    0 functions had inline decision re-evaluated but remain unchanged
  Создание кода завершено
  EncryptorTrue.vcxproj -> D:\Programming\CPP\EncryptorTrue\x64\Release\EncryptorTrue.exe
